{"ts":1753199185125,"action":"IDE_DEACTIVATED"}
{"ts":1753199186122,"action":"IDE_ACTIVATED"}
{"ts":1753199186126,"action":"IDE_DEACTIVATED"}
{"ts":1753199185381,"action":"PROJECT_OPENED","tags":{"PROJECT_NAME":"worldTalk"}}
{"ts":1753199189813,"action":"IDE_ACTIVATED"}
{"ts":1753199190272,"action":"IDE_DEACTIVATED"}
{"ts":1753199193020,"action":"IDE_ACTIVATED"}
{"ts":1753199193272,"action":"IDE_DEACTIVATED"}
{"ts":1753199193497,"action":"IDE_ACTIVATED"}
{"ts":1753199196219,"action":"IDE_DEACTIVATED"}
{"ts":1753199196754,"action":"IDE_ACTIVATED"}
{"ts":1753199196903,"action":"IDE_DEACTIVATED"}
{"ts":1753199201686,"action":"IDE_ACTIVATED"}
{"ts":1753199210006,"action":"FILE_OPENED","file":"/__init__.py","tags":{"FILE_LINE_OF_CODE":"22"}}
{"ts":1753199278665,"action":"IDE_DEACTIVATED"}
{"ts":1753199304458,"action":"IDE_ACTIVATED"}
{"ts":1753199307614,"action":"IDE_DEACTIVATED"}
{"ts":1753199334025,"action":"IDE_ACTIVATED"}
{"ts":1753199341362,"action":"IDE_DEACTIVATED"}
{"ts":1753199346372,"action":"IDE_ACTIVATED"}
{"ts":1753199346792,"action":"IDE_DEACTIVATED"}
{"ts":1753199347411,"action":"IDE_ACTIVATED"}
{"ts":1753199352021,"action":"IDE_DEACTIVATED"}
{"ts":1753199352756,"action":"IDE_ACTIVATED"}
{"ts":1753199366608,"action":"IDE_DEACTIVATED"}
{"ts":1753199367822,"action":"IDE_ACTIVATED"}
{"ts":1753199396847,"action":"IDE_DEACTIVATED"}
{"ts":1753199398123,"action":"IDE_ACTIVATED"}
{"ts":1753199398918,"action":"IDE_DEACTIVATED"}
{"ts":1753199400473,"action":"IDE_ACTIVATED"}
{"ts":1753199400838,"action":"IDE_DEACTIVATED"}
{"ts":1753199401407,"action":"IDE_ACTIVATED"}
{"ts":1753199411641,"action":"IDE_DEACTIVATED"}
{"ts":1753199412895,"action":"IDE_ACTIVATED"}
{"ts":1753199413179,"action":"IDE_DEACTIVATED"}
{"ts":1753199421777,"action":"IDE_ACTIVATED"}
{"ts":1753199422381,"action":"IDE_DEACTIVATED"}
{"ts":1753199437406,"action":"IDE_ACTIVATED"}
{"ts":1753199479111,"action":"IDE_DEACTIVATED"}
{"ts":1753199479112,"action":"IDE_ACTIVATED"}
{"ts":1753199569893,"action":"IDE_DEACTIVATED"}
{"ts":1753199571220,"action":"IDE_ACTIVATED"}
{"ts":1753199573879,"action":"IDE_DEACTIVATED"}
{"ts":1753199576919,"action":"IDE_ACTIVATED"}
{"ts":1753199578176,"action":"IDE_DEACTIVATED"}
{"ts":1753199668859,"action":"IDE_ACTIVATED"}
{"ts":1753199682532,"action":"IDE_DEACTIVATED"}
{"ts":1753199682892,"action":"IDE_ACTIVATED"}
{"ts":1753199704045,"action":"IDE_DEACTIVATED"}
{"ts":1753199741027,"action":"IDE_ACTIVATED"}
{"ts":1753199742953,"action":"IDE_DEACTIVATED"}
{"ts":1753199747297,"action":"IDE_ACTIVATED"}
{"ts":1753199748962,"action":"IDE_DEACTIVATED"}
{"ts":1753199752450,"action":"IDE_ACTIVATED"}
{"ts":1753199752969,"action":"IDE_DEACTIVATED"}
{"ts":1753199753287,"action":"IDE_ACTIVATED"}
{"ts":1753199753787,"action":"IDE_DEACTIVATED"}
{"ts":1753199754186,"action":"IDE_ACTIVATED"}
{"ts":1753199757377,"action":"IDE_DEACTIVATED"}
{"ts":1753199761319,"action":"IDE_ACTIVATED"}
{"ts":1753199785276,"action":"IDE_DEACTIVATED"}
{"ts":1753199797362,"action":"IDE_ACTIVATED"}
{"ts":1753199810404,"action":"IDE_DEACTIVATED"}
{"ts":1753199827622,"action":"IDE_ACTIVATED"}
{"ts":1753199829741,"action":"IDE_DEACTIVATED"}
{"ts":1753199833828,"action":"IDE_ACTIVATED"}
{"ts":1753199837874,"action":"IDE_DEACTIVATED"}
{"ts":1753199838282,"action":"IDE_ACTIVATED"}
{"ts":1753199840490,"action":"IDE_DEACTIVATED"}
{"ts":1753199849841,"action":"IDE_ACTIVATED"}
{"ts":1753199851958,"action":"IDE_DEACTIVATED"}
{"ts":1753199854146,"action":"IDE_ACTIVATED"}
{"ts":1753199858066,"action":"IDE_DEACTIVATED"}
{"ts":1753199858731,"action":"IDE_ACTIVATED"}
{"ts":1753199886063,"action":"IDE_DEACTIVATED"}
{"ts":1753199890232,"action":"IDE_ACTIVATED"}
{"ts":1753199924299,"action":"IDE_DEACTIVATED"}
{"ts":1753199926340,"action":"IDE_ACTIVATED"}
{"ts":1753199926850,"action":"IDE_DEACTIVATED"}
{"ts":1753199972675,"action":"IDE_ACTIVATED"}
{"ts":1753200054306,"action":"IDE_DEACTIVATED"}
{"ts":1753200064508,"action":"IDE_ACTIVATED"}
{"ts":1753200084467,"action":"IDE_DEACTIVATED"}
{"ts":1753200088597,"action":"IDE_ACTIVATED"}
{"ts":1753200159234,"action":"IDE_DEACTIVATED"}
{"ts":1753200159926,"action":"IDE_ACTIVATED"}
{"ts":1753200160988,"action":"IDE_DEACTIVATED"}
{"ts":1753200167706,"action":"IDE_ACTIVATED"}
{"ts":1753200169737,"action":"IDE_DEACTIVATED"}
{"ts":1753200171777,"action":"IDE_ACTIVATED"}
{"ts":1753200219565,"action":"IDE_DEACTIVATED"}
{"ts":1753200220065,"action":"IDE_ACTIVATED"}
{"ts":1753200221035,"action":"IDE_DEACTIVATED"}
{"ts":1753200224017,"action":"IDE_ACTIVATED"}
{"ts":1753200230892,"action":"IDE_DEACTIVATED"}
{"ts":1753200232316,"action":"IDE_ACTIVATED"}
{"ts":1753200237665,"action":"IDE_DEACTIVATED"}
{"ts":1753200239770,"action":"IDE_ACTIVATED"}
{"ts":1753200354299,"action":"IDE_DEACTIVATED"}
{"ts":1753200356993,"action":"IDE_ACTIVATED"}
{"ts":1753200367640,"action":"IDE_DEACTIVATED"}
{"ts":1753200368120,"action":"IDE_ACTIVATED"}
{"ts":1753200369842,"action":"IDE_DEACTIVATED"}
{"ts":1753200377433,"action":"IDE_ACTIVATED"}
{"ts":1753200379657,"action":"IDE_DEACTIVATED"}
{"ts":1753200387487,"action":"IDE_ACTIVATED"}
{"ts":1753200387953,"action":"IDE_DEACTIVATED"}
{"ts":1753200388557,"action":"IDE_ACTIVATED"}
{"ts":1753200421531,"action":"IDE_DEACTIVATED"}
{"ts":1753200489306,"action":"IDE_ACTIVATED"}
{"ts":1753200543277,"action":"IDE_DEACTIVATED"}
{"ts":1753200550135,"action":"IDE_ACTIVATED"}
{"ts":1753200551310,"action":"IDE_DEACTIVATED"}
{"ts":1753200552101,"action":"IDE_ACTIVATED"}
{"ts":1753200565830,"action":"IDE_DEACTIVATED"}
{"ts":1753200566963,"action":"IDE_ACTIVATED"}
{"ts":1753200566985,"action":"IDE_DEACTIVATED"}
{"ts":1753200571995,"action":"IDE_ACTIVATED"}
{"ts":1753200618993,"action":"FILE_CLOSED","file":"/__init__.py","tags":{"FILE_LINE_OF_CODE":"61"}}
{"ts":1753200618993,"action":"FILE_OPENED","file":"/res/ui.html","tags":{"FILE_LINE_OF_CODE":"1772"}}
{"ts":1753200632811,"action":"FILE_CLOSED","file":"/res/ui/ui.html","tags":{"FILE_LINE_OF_CODE":"1772"}}
{"ts":1753200632811,"action":"FILE_OPENED","file":"/res/ui/ui.py","tags":{"FILE_LINE_OF_CODE":"188"}}
{"ts":1753200645441,"action":"FILE_CLOSED","file":"/res/ui/ui.py","tags":{"FILE_LINE_OF_CODE":"188"}}
{"ts":1753200645441,"action":"FILE_OPENED","file":"/res/ui/ui.html","tags":{"FILE_LINE_OF_CODE":"1772"}}
{"ts":1753200664650,"action":"IDE_DEACTIVATED"}
{"ts":1753200665006,"action":"IDE_ACTIVATED"}
{"ts":1753200702149,"action":"FILE_CLOSED","file":"/res/ui/ui.html","tags":{"FILE_LINE_OF_CODE":"1772"}}
{"ts":1753200702149,"action":"FILE_OPENED","file":"/res/ui/ui.py","tags":{"FILE_LINE_OF_CODE":"188"}}
{"ts":1753200720239,"action":"FILE_CLOSED","file":"/res/ui/ui.py","tags":{"FILE_LINE_OF_CODE":"188"}}
{"ts":1753200720239,"action":"FILE_OPENED","file":"/__init__.py","tags":{"FILE_LINE_OF_CODE":"61"}}
{"ts":1753200736140,"action":"FILE_CLOSED","file":"/__init__.py","tags":{"FILE_LINE_OF_CODE":"61"}}
{"ts":1753200736140,"action":"FILE_OPENED","file":"/特征库.py","tags":{"FILE_LINE_OF_CODE":"266"}}
{"ts":1753200737211,"action":"FILE_CLOSED","file":"/特征库.py","tags":{"FILE_LINE_OF_CODE":"266"}}
{"ts":1753200737211,"action":"FILE_OPENED","file":"/__init__.py","tags":{"FILE_LINE_OF_CODE":"61"}}
{"ts":1753200787943,"action":"FILE_CLOSED","file":"/__init__.py","tags":{"FILE_LINE_OF_CODE":"62"}}
{"ts":1753200787943,"action":"FILE_OPENED","file":"/res/ui/ui.py","tags":{"FILE_LINE_OF_CODE":"188"}}
{"ts":1753200823872,"action":"FILE_CLOSED","file":"/res/ui/ui.py","tags":{"FILE_LINE_OF_CODE":"72"}}
{"ts":1753200823872,"action":"FILE_OPENED","file":"/res/ui/ui.html","tags":{"FILE_LINE_OF_CODE":"1772"}}
{"ts":1753201096515,"action":"IDE_DEACTIVATED"}
{"ts":1753201097279,"action":"IDE_ACTIVATED"}
{"ts":1753201489121,"action":"IDE_DEACTIVATED"}
{"ts":1753201489996,"action":"IDE_ACTIVATED"}
{"ts":1753201491246,"action":"IDE_DEACTIVATED"}
{"ts":1753201493375,"action":"IDE_ACTIVATED"}
{"ts":1753201494025,"action":"IDE_DEACTIVATED"}
{"ts":1753201494230,"action":"IDE_ACTIVATED"}
{"ts":1753201657031,"action":"FILE_CLOSED","file":"/res/ui/ui.html","tags":{"FILE_LINE_OF_CODE":"446"}}
{"ts":1753201657031,"action":"FILE_OPENED","file":"/res/ui/ui.py","tags":{"FILE_LINE_OF_CODE":"72"}}
{"ts":1753201657636,"action":"FILE_CLOSED","file":"/res/ui/ui.py","tags":{"FILE_LINE_OF_CODE":"72"}}
{"ts":1753201657636,"action":"FILE_OPENED","file":"/__init__.py","tags":{"FILE_LINE_OF_CODE":"62"}}
{"ts":1753201658096,"action":"FILE_CLOSED","file":"/__init__.py","tags":{"FILE_LINE_OF_CODE":"62"}}
{"ts":1753201658096,"action":"FILE_OPENED","file":"/baseUtils.py","tags":{"FILE_LINE_OF_CODE":"544"}}
{"ts":1753201659307,"action":"FILE_CLOSED","file":"/baseUtils.py","tags":{"FILE_LINE_OF_CODE":"544"}}
{"ts":1753201659307,"action":"FILE_OPENED","file":"/res/ui/ui.py","tags":{"FILE_LINE_OF_CODE":"72"}}
{"ts":1753201664391,"action":"FILE_CLOSED","file":"/res/ui/ui.py","tags":{"FILE_LINE_OF_CODE":"72"}}
{"ts":1753201664392,"action":"FILE_OPENED","file":"/__init__.py","tags":{"FILE_LINE_OF_CODE":"62"}}
{"ts":1753201777176,"action":"IDE_DEACTIVATED"}
{"ts":1753201785559,"action":"IDE_ACTIVATED"}
{"ts":1753201812008,"action":"FILE_CLOSED","file":"/__init__.py","tags":{"FILE_LINE_OF_CODE":"76"}}
{"ts":1753201812008,"action":"FILE_OPENED","file":"/res/ui/ui.html","tags":{"FILE_LINE_OF_CODE":"446"}}
{"ts":1753201833211,"action":"IDE_DEACTIVATED"}
{"ts":1753201842968,"action":"IDE_ACTIVATED"}
{"ts":1753201893739,"action":"FILE_CLOSED","file":"/res/ui/ui.html","tags":{"FILE_LINE_OF_CODE":"446"}}
{"ts":1753201893739,"action":"FILE_OPENED","file":"/__init__.py","tags":{"FILE_LINE_OF_CODE":"76"}}
{"ts":1753202002283,"action":"IDE_DEACTIVATED"}
{"ts":1753202003348,"action":"IDE_ACTIVATED"}
{"ts":1753202067070,"action":"IDE_DEACTIVATED"}
{"ts":1753202095085,"action":"IDE_ACTIVATED"}
{"ts":1753202354778,"action":"IDE_DEACTIVATED"}
{"ts":1753202355678,"action":"IDE_ACTIVATED"}
{"ts":1753202356495,"action":"IDE_DEACTIVATED"}
{"ts":1753202357622,"action":"IDE_ACTIVATED"}
{"ts":1753202359329,"action":"IDE_DEACTIVATED"}
{"ts":1753202363326,"action":"IDE_ACTIVATED"}
{"ts":1753202465641,"action":"IDE_DEACTIVATED"}
{"ts":1753202471673,"action":"IDE_ACTIVATED"}
{"ts":1753202610483,"action":"FILE_CLOSED","file":"/__init__.py","tags":{"FILE_LINE_OF_CODE":"94"}}
{"ts":1753202610483,"action":"FILE_OPENED","file":"/特征库.py","tags":{"FILE_LINE_OF_CODE":"266"}}
{"ts":1753202612960,"action":"FILE_CLOSED","file":"/特征库.py","tags":{"FILE_LINE_OF_CODE":"266"}}
{"ts":1753202612960,"action":"FILE_OPENED","file":"/__init__.py","tags":{"FILE_LINE_OF_CODE":"94"}}
{"ts":1753202716168,"action":"IDE_DEACTIVATED"}
{"ts":1753202716872,"action":"IDE_ACTIVATED"}
{"ts":1753202717318,"action":"IDE_DEACTIVATED"}
{"ts":1753202719790,"action":"IDE_ACTIVATED"}
{"ts":1753202725550,"action":"IDE_DEACTIVATED"}
{"ts":1753202733332,"action":"IDE_ACTIVATED"}
{"ts":1753202739403,"action":"IDE_DEACTIVATED"}
{"ts":1753202744698,"action":"IDE_ACTIVATED"}
{"ts":1753202749402,"action":"IDE_DEACTIVATED"}
{"ts":1753202749901,"action":"IDE_ACTIVATED"}
{"ts":1753202752392,"action":"IDE_DEACTIVATED"}
{"ts":1753202777564,"action":"IDE_ACTIVATED"}
{"ts":1753202852694,"action":"IDE_DEACTIVATED"}
{"ts":1753202869740,"action":"IDE_ACTIVATED"}
{"ts":1753202870736,"action":"IDE_DEACTIVATED"}
{"ts":1753202870958,"action":"IDE_ACTIVATED"}
{"ts":1753202937274,"action":"IDE_DEACTIVATED"}
{"ts":1753204165225,"action":"IDE_ACTIVATED"}
{"ts":1753204175819,"action":"IDE_DEACTIVATED"}
{"ts":1753204221415,"action":"IDE_ACTIVATED"}
{"ts":1753204225796,"action":"IDE_DEACTIVATED"}
{"ts":1753204399556,"action":"IDE_ACTIVATED"}
{"ts":1753204402989,"action":"IDE_DEACTIVATED"}
{"ts":1753204446773,"action":"IDE_ACTIVATED"}
{"ts":1753204449638,"action":"IDE_DEACTIVATED"}
{"ts":1753204451288,"action":"IDE_ACTIVATED"}
{"ts":1753204454052,"action":"IDE_DEACTIVATED"}
{"ts":1753204459842,"action":"IDE_ACTIVATED"}
{"ts":1753204461154,"action":"IDE_DEACTIVATED"}
{"ts":1753204463984,"action":"IDE_ACTIVATED"}
{"ts":1753204475325,"action":"PROJECT_CLOSED","tags":{"PROJECT_NAME":"worldTalk"}}
{"ts":1753204657007,"action":"FILE_OPENED","file":"/__init__.py","tags":{"FILE_LINE_OF_CODE":"105"}}
{"ts":1753204657228,"action":"PROJECT_OPENED","tags":{"PROJECT_NAME":"worldTalk"}}
{"ts":1753204661928,"action":"FILE_CLOSED","file":"/__init__.py","tags":{"FILE_LINE_OF_CODE":"105"}}
{"ts":1753204661928,"action":"FILE_OPENED","file":"/res/ui/ui.py","tags":{"FILE_LINE_OF_CODE":"72"}}
{"ts":1753204669833,"action":"FILE_CLOSED","file":"/res/ui/ui.py","tags":{"FILE_LINE_OF_CODE":"72"}}
{"ts":1753204669833,"action":"FILE_OPENED","file":"/res/ui/ui.html","tags":{"FILE_LINE_OF_CODE":"446"}}
{"ts":1753204683252,"action":"IDE_DEACTIVATED"}
{"ts":1753204697239,"action":"IDE_ACTIVATED"}
{"ts":1753204697607,"action":"IDE_DEACTIVATED"}
{"ts":1753204709673,"action":"IDE_ACTIVATED"}
{"ts":1753204710043,"action":"IDE_DEACTIVATED"}
{"ts":1753204710380,"action":"IDE_ACTIVATED"}
{"ts":1753204712448,"action":"IDE_DEACTIVATED"}
{"ts":1753204713143,"action":"IDE_ACTIVATED"}
{"ts":1753204713392,"action":"IDE_DEACTIVATED"}
{"ts":1753204714180,"action":"IDE_ACTIVATED"}
{"ts":1753204715839,"action":"IDE_DEACTIVATED"}
{"ts":1753204716117,"action":"IDE_ACTIVATED"}
{"ts":1753204716372,"action":"IDE_DEACTIVATED"}
{"ts":1753204717122,"action":"IDE_ACTIVATED"}
{"ts":1753204740124,"action":"IDE_DEACTIVATED"}
{"ts":1753204740783,"action":"IDE_ACTIVATED"}
{"ts":1753204789059,"action":"IDE_DEACTIVATED"}
{"ts":1753204790535,"action":"IDE_ACTIVATED"}
{"ts":1753204792240,"action":"IDE_DEACTIVATED"}
{"ts":1753204795708,"action":"IDE_ACTIVATED"}
{"ts":1753204823278,"action":"IDE_DEACTIVATED"}
{"ts":1753204823283,"action":"IDE_ACTIVATED"}
{"ts":1753204823292,"action":"IDE_DEACTIVATED"}
{"ts":1753204902506,"action":"IDE_ACTIVATED"}
{"ts":1753204904528,"action":"FILE_CLOSED","file":"/res/ui/ui.html","tags":{"FILE_LINE_OF_CODE":"446"}}
{"ts":1753204904528,"action":"FILE_OPENED","file":"/__init__.py","tags":{"FILE_LINE_OF_CODE":"105"}}
{"ts":1753204905237,"action":"IDE_DEACTIVATED"}
{"ts":1753204905963,"action":"IDE_ACTIVATED"}
{"ts":1753204938054,"action":"FILE_CLOSED","file":"/__init__.py","tags":{"FILE_LINE_OF_CODE":"106"}}
{"ts":1753204938054,"action":"FILE_OPENED","file":"/res/ui/ui.html","tags":{"FILE_LINE_OF_CODE":"446"}}
{"ts":1753204939786,"action":"IDE_DEACTIVATED"}
{"ts":1753204943528,"action":"IDE_ACTIVATED"}
{"ts":1753204967221,"action":"IDE_DEACTIVATED"}
{"ts":1753204967224,"action":"IDE_ACTIVATED"}
{"ts":1753204967232,"action":"IDE_DEACTIVATED"}
{"ts":1753204967235,"action":"IDE_ACTIVATED"}
{"ts":1753204992568,"action":"IDE_DEACTIVATED"}
{"ts":1753205039192,"action":"IDE_ACTIVATED"}
{"ts":1753205039626,"action":"IDE_DEACTIVATED"}
{"ts":1753205041875,"action":"IDE_ACTIVATED"}
{"ts":1753205042309,"action":"IDE_DEACTIVATED"}
{"ts":1753205077461,"action":"IDE_ACTIVATED"}
{"ts":1753205080041,"action":"FILE_CLOSED","file":"/res/ui/ui.html","tags":{"FILE_LINE_OF_CODE":"446"}}
{"ts":1753205080041,"action":"FILE_OPENED","file":"/__init__.py","tags":{"FILE_LINE_OF_CODE":"106"}}
{"ts":1753205083082,"action":"IDE_DEACTIVATED"}
{"ts":1753205083688,"action":"IDE_ACTIVATED"}
{"ts":1753205113359,"action":"IDE_DEACTIVATED"}
{"ts":1753205191233,"action":"IDE_ACTIVATED"}
{"ts":1753205193894,"action":"IDE_DEACTIVATED"}
{"ts":1753205200613,"action":"IDE_ACTIVATED"}
{"ts":1753205275708,"action":"IDE_DEACTIVATED"}
{"ts":1753205276414,"action":"IDE_ACTIVATED"}
{"ts":1753205276696,"action":"IDE_DEACTIVATED"}
{"ts":1753205277032,"action":"IDE_ACTIVATED"}
{"ts":1753205341846,"action":"IDE_DEACTIVATED"}
{"ts":1753205384224,"action":"IDE_ACTIVATED"}
{"ts":1753205385028,"action":"IDE_DEACTIVATED"}
{"ts":1753205386443,"action":"IDE_ACTIVATED"}
{"ts":1753205388167,"action":"IDE_DEACTIVATED"}
{"ts":1753205389159,"action":"IDE_ACTIVATED"}
{"ts":1753205392518,"action":"IDE_DEACTIVATED"}
{"ts":1753205392927,"action":"IDE_ACTIVATED"}
{"ts":1753205393763,"action":"IDE_DEACTIVATED"}
{"ts":1753205396113,"action":"IDE_ACTIVATED"}
{"ts":1753205398322,"action":"IDE_DEACTIVATED"}
{"ts":1753205403636,"action":"IDE_ACTIVATED"}
{"ts":1753205404742,"action":"IDE_DEACTIVATED"}
{"ts":1753205409107,"action":"IDE_ACTIVATED"}
{"ts":1753205409764,"action":"IDE_DEACTIVATED"}
{"ts":1753205414169,"action":"IDE_ACTIVATED"}
{"ts":1753205417445,"action":"IDE_DEACTIVATED"}
{"ts":1753205418640,"action":"IDE_ACTIVATED"}
{"ts":1753205420206,"action":"IDE_DEACTIVATED"}
{"ts":1753205420853,"action":"IDE_ACTIVATED"}
{"ts":1753205421378,"action":"IDE_DEACTIVATED"}
{"ts":1753205456635,"action":"IDE_ACTIVATED"}
{"ts":1753205457188,"action":"IDE_DEACTIVATED"}
{"ts":1753205462969,"action":"IDE_ACTIVATED"}
{"ts":1753205463402,"action":"IDE_DEACTIVATED"}
{"ts":1753205468342,"action":"IDE_ACTIVATED"}
{"ts":1753205468831,"action":"IDE_DEACTIVATED"}
{"ts":1753205469910,"action":"IDE_ACTIVATED"}
{"ts":1753205470204,"action":"IDE_DEACTIVATED"}
{"ts":1753205491823,"action":"IDE_ACTIVATED"}
{"ts":1753205508879,"action":"IDE_DEACTIVATED"}
{"ts":1753205553340,"action":"IDE_ACTIVATED"}
{"ts":1753205554909,"action":"IDE_DEACTIVATED"}
{"ts":1753205560651,"action":"IDE_ACTIVATED"}
{"ts":1753205563791,"action":"IDE_DEACTIVATED"}
{"ts":1753205586814,"action":"IDE_ACTIVATED"}
{"ts":1753205628369,"action":"IDE_DEACTIVATED"}
{"ts":1753205629257,"action":"IDE_ACTIVATED"}
{"ts":1753205640506,"action":"IDE_DEACTIVATED"}
{"ts":1753205685794,"action":"IDE_ACTIVATED"}
{"ts":1753205686208,"action":"IDE_DEACTIVATED"}
{"ts":1753205757605,"action":"IDE_ACTIVATED"}
{"ts":1753205758246,"action":"IDE_DEACTIVATED"}
{"ts":1753205761164,"action":"IDE_ACTIVATED"}
{"ts":1753205786231,"action":"IDE_DEACTIVATED"}
{"ts":1753205786987,"action":"IDE_ACTIVATED"}
{"ts":1753205787828,"action":"IDE_DEACTIVATED"}
{"ts":1753205791394,"action":"IDE_ACTIVATED"}
{"ts":1753205798800,"action":"IDE_DEACTIVATED"}
{"ts":1753205824534,"action":"IDE_ACTIVATED"}
{"ts":1753205832255,"action":"IDE_DEACTIVATED"}
{"ts":1753205833183,"action":"IDE_ACTIVATED"}
{"ts":1753205838184,"action":"IDE_DEACTIVATED"}
{"ts":1753205859127,"action":"IDE_ACTIVATED"}
{"ts":1753205863831,"action":"IDE_DEACTIVATED"}
{"ts":1753205864078,"action":"IDE_ACTIVATED"}
{"ts":1753205864369,"action":"IDE_DEACTIVATED"}
{"ts":1753205864747,"action":"IDE_ACTIVATED"}
{"ts":1753205865346,"action":"IDE_DEACTIVATED"}
{"ts":1753205866080,"action":"IDE_ACTIVATED"}
{"ts":1753205866725,"action":"IDE_DEACTIVATED"}
{"ts":1753205867474,"action":"IDE_ACTIVATED"}
{"ts":1753205868051,"action":"IDE_DEACTIVATED"}
{"ts":1753205915792,"action":"IDE_ACTIVATED"}
{"ts":1753205919163,"action":"IDE_DEACTIVATED"}
{"ts":1753205919859,"action":"IDE_ACTIVATED"}
{"ts":1753205921178,"action":"IDE_DEACTIVATED"}
{"ts":1753205921460,"action":"IDE_ACTIVATED"}
{"ts":1753205930595,"action":"IDE_DEACTIVATED"}
{"ts":1753205935195,"action":"IDE_ACTIVATED"}
{"ts":1753205935541,"action":"IDE_DEACTIVATED"}
{"ts":1753205936030,"action":"IDE_ACTIVATED"}
{"ts":1753205938846,"action":"IDE_DEACTIVATED"}
{"ts":1753205942841,"action":"IDE_ACTIVATED"}
{"ts":1753205959828,"action":"IDE_DEACTIVATED"}
{"ts":1753205960275,"action":"IDE_ACTIVATED"}
{"ts":1753205961006,"action":"IDE_DEACTIVATED"}
{"ts":1753205961674,"action":"IDE_ACTIVATED"}
{"ts":1753205961987,"action":"IDE_DEACTIVATED"}
{"ts":1753205962248,"action":"IDE_ACTIVATED"}
{"ts":1753205962664,"action":"IDE_DEACTIVATED"}
{"ts":1753205974789,"action":"IDE_ACTIVATED"}
{"ts":1753205975212,"action":"IDE_DEACTIVATED"}
{"ts":1753205979845,"action":"IDE_ACTIVATED"}
{"ts":1753205983088,"action":"IDE_DEACTIVATED"}
{"ts":1753205983877,"action":"IDE_ACTIVATED"}
{"ts":1753206060888,"action":"IDE_DEACTIVATED"}
{"ts":1753206061694,"action":"IDE_ACTIVATED"}
{"ts":1753206061997,"action":"IDE_DEACTIVATED"}
{"ts":1753206062372,"action":"IDE_ACTIVATED"}
{"ts":1753206198492,"action":"IDE_DEACTIVATED"}
{"ts":1753206199235,"action":"IDE_ACTIVATED"}
{"ts":1753206226868,"action":"IDE_DEACTIVATED"}
{"ts":1753206298894,"action":"IDE_ACTIVATED"}
{"ts":1753206300001,"action":"IDE_DEACTIVATED"}
{"ts":1753206359187,"action":"IDE_ACTIVATED"}
{"ts":1753206368417,"action":"IDE_DEACTIVATED"}
{"ts":1753206374400,"action":"IDE_ACTIVATED"}
{"ts":1753206376932,"action":"IDE_DEACTIVATED"}
{"ts":1753206380135,"action":"IDE_ACTIVATED"}
{"ts":1753206384023,"action":"IDE_DEACTIVATED"}
{"ts":1753206392315,"action":"IDE_ACTIVATED"}
{"ts":1753206394308,"action":"IDE_DEACTIVATED"}
{"ts":1753206494828,"action":"IDE_ACTIVATED"}
{"ts":1753206500344,"action":"IDE_DEACTIVATED"}
{"ts":1753206500989,"action":"IDE_ACTIVATED"}
{"ts":1753206502992,"action":"IDE_DEACTIVATED"}
{"ts":1753206505441,"action":"IDE_ACTIVATED"}
{"ts":1753206512211,"action":"IDE_DEACTIVATED"}
{"ts":1753206513103,"action":"IDE_ACTIVATED"}
{"ts":1753206515413,"action":"IDE_DEACTIVATED"}
{"ts":1753206516378,"action":"IDE_ACTIVATED"}
{"ts":1753206522280,"action":"IDE_DEACTIVATED"}
{"ts":1753206523819,"action":"IDE_ACTIVATED"}
{"ts":1753206524334,"action":"IDE_DEACTIVATED"}
{"ts":1753206524597,"action":"IDE_ACTIVATED"}
{"ts":1753206525469,"action":"IDE_DEACTIVATED"}
{"ts":1753206555412,"action":"IDE_ACTIVATED"}
{"ts":1753206558777,"action":"IDE_DEACTIVATED"}
{"ts":1753206619970,"action":"IDE_ACTIVATED"}
{"ts":1753206621971,"action":"IDE_DEACTIVATED"}
{"ts":1753206622432,"action":"IDE_ACTIVATED"}
{"ts":1753206623362,"action":"IDE_DEACTIVATED"}
{"ts":1753206846242,"action":"IDE_ACTIVATED"}
{"ts":1753206865489,"action":"IDE_DEACTIVATED"}
{"ts":1753206865814,"action":"IDE_ACTIVATED"}
{"ts":1753206866052,"action":"IDE_DEACTIVATED"}
{"ts":1753206866328,"action":"IDE_ACTIVATED"}
{"ts":1753206869588,"action":"IDE_DEACTIVATED"}
{"ts":1753206870251,"action":"IDE_ACTIVATED"}
{"ts":1753207073291,"action":"IDE_DEACTIVATED"}
{"ts":1753207198485,"action":"IDE_ACTIVATED"}
{"ts":1753207249074,"action":"IDE_DEACTIVATED"}
{"ts":1753207261785,"action":"IDE_ACTIVATED"}
{"ts":1753207263022,"action":"IDE_DEACTIVATED"}
{"ts":1753207282883,"action":"IDE_ACTIVATED"}
{"ts":1753207283996,"action":"IDE_DEACTIVATED"}
{"ts":1753207324759,"action":"IDE_ACTIVATED"}
{"ts":1753207359774,"action":"IDE_DEACTIVATED"}
{"ts":1753207489586,"action":"IDE_ACTIVATED"}
{"ts":1753207493095,"action":"IDE_DEACTIVATED"}
{"ts":1753207503380,"action":"IDE_ACTIVATED"}
{"ts":1753207506040,"action":"IDE_DEACTIVATED"}
{"ts":1753207521677,"action":"IDE_ACTIVATED"}
{"ts":1753207541820,"action":"IDE_DEACTIVATED"}
{"ts":1753207548203,"action":"IDE_ACTIVATED"}
{"ts":1753207679362,"action":"IDE_DEACTIVATED"}
{"ts":1753208205405,"action":"IDE_ACTIVATED"}
{"ts":1753208296622,"action":"IDE_DEACTIVATED"}
{"ts":1753208297179,"action":"IDE_ACTIVATED"}
{"ts":1753208312969,"action":"IDE_DEACTIVATED"}
{"ts":1753208328404,"action":"IDE_ACTIVATED"}
{"ts":1753208328789,"action":"IDE_DEACTIVATED"}
{"ts":1753208331257,"action":"IDE_ACTIVATED"}
{"ts":1753208334957,"action":"FILE_CLOSED","file":"/__init__.py","tags":{"FILE_LINE_OF_CODE":"120"}}
{"ts":1753208334957,"action":"FILE_OPENED","file":"/res/img/ice_system.lua","tags":{"FILE_LINE_OF_CODE":"25"}}
{"ts":1753208337506,"action":"FILE_CLOSED","file":"/res/img/ice_system.lua","tags":{"FILE_LINE_OF_CODE":"25"}}
{"ts":1753208337506,"action":"FILE_OPENED","file":"/__init__.py","tags":{"FILE_LINE_OF_CODE":"120"}}
{"ts":1753267159053,"action":"IDE_DEACTIVATED"}
{"ts":1753267161473,"action":"IDE_ACTIVATED"}
{"ts":1753267162207,"action":"IDE_DEACTIVATED"}
{"ts":1753267279402,"action":"IDE_ACTIVATED"}
{"ts":1753267284336,"action":"IDE_DEACTIVATED"}
{"ts":1753267293384,"action":"IDE_ACTIVATED"}
{"ts":1753267293962,"action":"IDE_DEACTIVATED"}
{"ts":1753267294303,"action":"IDE_ACTIVATED"}
{"ts":1753267294882,"action":"IDE_DEACTIVATED"}
{"ts":1753267296064,"action":"IDE_ACTIVATED"}
{"ts":1753267297436,"action":"IDE_DEACTIVATED"}
{"ts":1753267300512,"action":"IDE_ACTIVATED"}
{"ts":1753267310331,"action":"IDE_DEACTIVATED"}
{"ts":1753267320080,"action":"IDE_ACTIVATED"}
{"ts":1753267320594,"action":"IDE_DEACTIVATED"}
{"ts":1753267332535,"action":"IDE_ACTIVATED"}
{"ts":1753267403272,"action":"IDE_DEACTIVATED"}
{"ts":1753267450375,"action":"IDE_ACTIVATED"}
{"ts":1753267482536,"action":"IDE_DEACTIVATED"}
{"ts":1753267485676,"action":"IDE_ACTIVATED"}
{"ts":1753267489141,"action":"IDE_DEACTIVATED"}
{"ts":1753267499408,"action":"IDE_ACTIVATED"}
{"ts":1753267510465,"action":"IDE_DEACTIVATED"}
{"ts":1753267514450,"action":"IDE_ACTIVATED"}
{"ts":1753267523782,"action":"IDE_DEACTIVATED"}
{"ts":1753267526747,"action":"IDE_ACTIVATED"}
{"ts":1753267562164,"action":"IDE_DEACTIVATED"}
{"ts":1753267562647,"action":"IDE_ACTIVATED"}
{"ts":1753267619536,"action":"IDE_DEACTIVATED"}
{"ts":1753267634586,"action":"IDE_ACTIVATED"}
{"ts":1753267634951,"action":"IDE_DEACTIVATED"}
{"ts":1753267713827,"action":"IDE_ACTIVATED"}
{"ts":1753267765225,"action":"IDE_DEACTIVATED"}
{"ts":1753267766032,"action":"IDE_ACTIVATED"}
{"ts":1753267767060,"action":"IDE_DEACTIVATED"}
{"ts":1753267819144,"action":"IDE_ACTIVATED"}
{"ts":1753267830158,"action":"IDE_DEACTIVATED"}
{"ts":1753267833698,"action":"IDE_ACTIVATED"}
{"ts":1753267834091,"action":"IDE_DEACTIVATED"}
{"ts":1753267853533,"action":"IDE_ACTIVATED"}
{"ts":1753267874730,"action":"IDE_DEACTIVATED"}
{"ts":1753267881139,"action":"IDE_ACTIVATED"}
{"ts":1753267883198,"action":"IDE_DEACTIVATED"}
{"ts":1753267887617,"action":"IDE_ACTIVATED"}
{"ts":1753267888429,"action":"IDE_DEACTIVATED"}
{"ts":1753267889907,"action":"IDE_ACTIVATED"}
{"ts":1753267890495,"action":"IDE_DEACTIVATED"}
{"ts":1753267891725,"action":"IDE_ACTIVATED"}
{"ts":1753267892219,"action":"IDE_DEACTIVATED"}
{"ts":1753267910246,"action":"IDE_ACTIVATED"}
{"ts":1753267911004,"action":"IDE_DEACTIVATED"}
{"ts":1753267913233,"action":"IDE_ACTIVATED"}
{"ts":1753267927154,"action":"IDE_DEACTIVATED"}
{"ts":1753267927548,"action":"IDE_ACTIVATED"}
{"ts":1753267928486,"action":"IDE_DEACTIVATED"}
{"ts":1753267929013,"action":"IDE_ACTIVATED"}
{"ts":1753267930491,"action":"IDE_DEACTIVATED"}
{"ts":1753267931476,"action":"IDE_ACTIVATED"}
{"ts":1753267933827,"action":"IDE_DEACTIVATED"}
{"ts":1753267991895,"action":"IDE_ACTIVATED"}
{"ts":1753267992575,"action":"IDE_DEACTIVATED"}
{"ts":1753268002347,"action":"IDE_ACTIVATED"}
{"ts":1753268012533,"action":"IDE_DEACTIVATED"}
{"ts":1753268017171,"action":"IDE_ACTIVATED"}
{"ts":1753268018527,"action":"IDE_DEACTIVATED"}
{"ts":1753268019430,"action":"IDE_ACTIVATED"}
{"ts":1753268248838,"action":"IDE_DEACTIVATED"}
{"ts":1753268253468,"action":"IDE_ACTIVATED"}
{"ts":1753268253950,"action":"IDE_DEACTIVATED"}
{"ts":1753268261915,"action":"IDE_ACTIVATED"}
{"ts":1753268261937,"action":"IDE_DEACTIVATED"}
{"ts":1753268262048,"action":"IDE_ACTIVATED"}
{"ts":1753268264872,"action":"IDE_DEACTIVATED"}
{"ts":1753268771413,"action":"IDE_ACTIVATED"}
{"ts":1753268782820,"action":"IDE_DEACTIVATED"}
{"ts":1753268798196,"action":"IDE_ACTIVATED"}
{"ts":1753268806943,"action":"IDE_DEACTIVATED"}
{"ts":1753268826805,"action":"IDE_ACTIVATED"}
{"ts":1753268827337,"action":"IDE_DEACTIVATED"}
{"ts":1753269115632,"action":"IDE_ACTIVATED"}
{"ts":1753269120880,"action":"IDE_DEACTIVATED"}
{"ts":1753269123630,"action":"IDE_ACTIVATED"}
{"ts":1753269125346,"action":"IDE_DEACTIVATED"}
{"ts":1753269126956,"action":"IDE_ACTIVATED"}
{"ts":1753269128912,"action":"IDE_DEACTIVATED"}
{"ts":1753269137952,"action":"IDE_ACTIVATED"}
{"ts":1753269138877,"action":"IDE_DEACTIVATED"}
{"ts":1753269155225,"action":"IDE_ACTIVATED"}
{"ts":1753269155501,"action":"IDE_DEACTIVATED"}
{"ts":1753269155751,"action":"IDE_ACTIVATED"}
{"ts":1753269157287,"action":"IDE_DEACTIVATED"}
{"ts":1753269157595,"action":"IDE_ACTIVATED"}
{"ts":1753269160951,"action":"IDE_DEACTIVATED"}
{"ts":1753269170253,"action":"IDE_ACTIVATED"}
{"ts":1753269170516,"action":"IDE_DEACTIVATED"}
{"ts":1753269197912,"action":"IDE_ACTIVATED"}
{"ts":1753269198239,"action":"IDE_DEACTIVATED"}
{"ts":1753269198580,"action":"IDE_ACTIVATED"}
{"ts":1753269200249,"action":"IDE_DEACTIVATED"}
{"ts":1753269201101,"action":"IDE_ACTIVATED"}
{"ts":1753269201782,"action":"IDE_DEACTIVATED"}
{"ts":1753269202543,"action":"IDE_ACTIVATED"}
{"ts":1753269204247,"action":"IDE_DEACTIVATED"}
{"ts":1753269205197,"action":"IDE_ACTIVATED"}
{"ts":1753269206611,"action":"IDE_DEACTIVATED"}
{"ts":1753269208422,"action":"IDE_ACTIVATED"}
{"ts":1753269224745,"action":"IDE_DEACTIVATED"}
{"ts":1753269232935,"action":"IDE_ACTIVATED"}
{"ts":1753269234487,"action":"IDE_DEACTIVATED"}
{"ts":1753269273045,"action":"IDE_ACTIVATED"}
{"ts":1753269273466,"action":"IDE_DEACTIVATED"}
{"ts":1753269317961,"action":"IDE_ACTIVATED"}
{"ts":1753269327648,"action":"IDE_DEACTIVATED"}
{"ts":1753269335565,"action":"IDE_ACTIVATED"}
{"ts":1753269335990,"action":"IDE_DEACTIVATED"}
{"ts":1753269337578,"action":"IDE_ACTIVATED"}
{"ts":1753269361545,"action":"IDE_DEACTIVATED"}
{"ts":1753269376709,"action":"IDE_ACTIVATED"}
{"ts":1753269382443,"action":"IDE_DEACTIVATED"}
{"ts":1753269439509,"action":"IDE_ACTIVATED"}
{"ts":1753269460802,"action":"IDE_DEACTIVATED"}
{"ts":1753269468488,"action":"IDE_ACTIVATED"}
{"ts":1753269479148,"action":"IDE_DEACTIVATED"}
{"ts":1753269480000,"action":"IDE_ACTIVATED"}
{"ts":1753269480772,"action":"IDE_DEACTIVATED"}
{"ts":1753269481771,"action":"IDE_ACTIVATED"}
{"ts":1753269483265,"action":"IDE_DEACTIVATED"}
{"ts":1753269483590,"action":"IDE_ACTIVATED"}
{"ts":1753269484015,"action":"IDE_DEACTIVATED"}
{"ts":1753269484554,"action":"IDE_ACTIVATED"}
{"ts":1753269485345,"action":"IDE_DEACTIVATED"}
{"ts":1753269494111,"action":"IDE_ACTIVATED"}
{"ts":1753269513907,"action":"IDE_DEACTIVATED"}
{"ts":1753269514802,"action":"IDE_ACTIVATED"}
{"ts":1753269515236,"action":"IDE_DEACTIVATED"}
{"ts":1753269515443,"action":"IDE_ACTIVATED"}
{"ts":1753269535942,"action":"IDE_DEACTIVATED"}
{"ts":1753269538424,"action":"IDE_ACTIVATED"}
{"ts":1753269653395,"action":"IDE_DEACTIVATED"}
{"ts":1753269653743,"action":"IDE_ACTIVATED"}
{"ts":1753269655824,"action":"IDE_DEACTIVATED"}
{"ts":1753269658517,"action":"IDE_ACTIVATED"}
{"ts":1753269658985,"action":"IDE_DEACTIVATED"}
{"ts":1753269681734,"action":"IDE_ACTIVATED"}
{"ts":1753269699646,"action":"IDE_DEACTIVATED"}
{"ts":1753269701374,"action":"IDE_ACTIVATED"}
{"ts":1753269713648,"action":"IDE_DEACTIVATED"}
{"ts":1753269900877,"action":"IDE_ACTIVATED"}
{"ts":1753269901548,"action":"IDE_DEACTIVATED"}
{"ts":1753269901776,"action":"IDE_ACTIVATED"}
{"ts":1753269905131,"action":"IDE_DEACTIVATED"}
{"ts":1753269905937,"action":"IDE_ACTIVATED"}
{"ts":1753269906389,"action":"IDE_DEACTIVATED"}
{"ts":1753269906676,"action":"IDE_ACTIVATED"}
{"ts":1753269908446,"action":"IDE_DEACTIVATED"}
{"ts":1753269909453,"action":"IDE_ACTIVATED"}
{"ts":1753269913247,"action":"IDE_DEACTIVATED"}
{"ts":1753269936698,"action":"IDE_ACTIVATED"}
{"ts":1753269936906,"action":"IDE_DEACTIVATED"}
{"ts":1753269937781,"action":"IDE_ACTIVATED"}
{"ts":1753269938071,"action":"IDE_DEACTIVATED"}
{"ts":1753269943375,"action":"IDE_ACTIVATED"}
{"ts":1753269946368,"action":"IDE_DEACTIVATED"}
{"ts":1753269947126,"action":"IDE_ACTIVATED"}
{"ts":1753269947911,"action":"IDE_DEACTIVATED"}
{"ts":1753269950684,"action":"IDE_ACTIVATED"}
{"ts":1753269951601,"action":"IDE_DEACTIVATED"}
{"ts":1753270001556,"action":"IDE_ACTIVATED"}
{"ts":1753270003103,"action":"IDE_DEACTIVATED"}
{"ts":1753270004653,"action":"IDE_ACTIVATED"}
{"ts":1753270005619,"action":"IDE_DEACTIVATED"}
{"ts":1753270006171,"action":"IDE_ACTIVATED"}
{"ts":1753270015567,"action":"IDE_DEACTIVATED"}
{"ts":1753270027128,"action":"IDE_ACTIVATED"}
{"ts":1753270040129,"action":"IDE_DEACTIVATED"}
{"ts":1753270041182,"action":"IDE_ACTIVATED"}
{"ts":1753270065018,"action":"IDE_DEACTIVATED"}
{"ts":1753270065856,"action":"IDE_ACTIVATED"}
{"ts":1753270066603,"action":"IDE_DEACTIVATED"}
{"ts":1753270071465,"action":"IDE_ACTIVATED"}
{"ts":1753270073950,"action":"IDE_DEACTIVATED"}
{"ts":1753270075241,"action":"IDE_ACTIVATED"}
{"ts":1753270076803,"action":"IDE_DEACTIVATED"}
{"ts":1753270257237,"action":"IDE_ACTIVATED"}
{"ts":1753270263623,"action":"IDE_DEACTIVATED"}
{"ts":1753270287701,"action":"IDE_ACTIVATED"}
{"ts":1753270289693,"action":"IDE_DEACTIVATED"}
{"ts":1753270353128,"action":"IDE_ACTIVATED"}
{"ts":1753270355241,"action":"IDE_DEACTIVATED"}
{"ts":1753270383460,"action":"IDE_ACTIVATED"}
{"ts":1753270383856,"action":"IDE_DEACTIVATED"}
{"ts":1753270392916,"action":"IDE_ACTIVATED"}
{"ts":1753270420195,"action":"IDE_DEACTIVATED"}
{"ts":1753270426154,"action":"IDE_ACTIVATED"}
{"ts":1753270426455,"action":"IDE_DEACTIVATED"}
{"ts":1753270434408,"action":"IDE_ACTIVATED"}
{"ts":1753270435231,"action":"IDE_DEACTIVATED"}
{"ts":1753270437074,"action":"IDE_ACTIVATED"}
{"ts":1753270437497,"action":"IDE_DEACTIVATED"}
{"ts":1753270438160,"action":"IDE_ACTIVATED"}
{"ts":1753270438902,"action":"IDE_DEACTIVATED"}
{"ts":1753270439455,"action":"IDE_ACTIVATED"}
{"ts":1753270440229,"action":"IDE_DEACTIVATED"}
{"ts":1753270440270,"action":"IDE_ACTIVATED"}
{"ts":1753270440866,"action":"IDE_DEACTIVATED"}
{"ts":1753270441380,"action":"IDE_ACTIVATED"}
{"ts":1753270446707,"action":"IDE_DEACTIVATED"}
{"ts":1753270448177,"action":"IDE_ACTIVATED"}
{"ts":1753270450254,"action":"IDE_DEACTIVATED"}
{"ts":1753270459364,"action":"IDE_ACTIVATED"}
{"ts":1753270472744,"action":"IDE_DEACTIVATED"}
{"ts":1753270475348,"action":"IDE_ACTIVATED"}
{"ts":1753270477513,"action":"IDE_DEACTIVATED"}
{"ts":1753270481048,"action":"IDE_ACTIVATED"}
{"ts":1753270482517,"action":"IDE_DEACTIVATED"}
{"ts":1753270543790,"action":"IDE_ACTIVATED"}
{"ts":1753270557738,"action":"IDE_DEACTIVATED"}
{"ts":1753270560621,"action":"IDE_ACTIVATED"}
{"ts":1753270568602,"action":"IDE_DEACTIVATED"}
{"ts":1753270594181,"action":"IDE_ACTIVATED"}
{"ts":1753270614468,"action":"IDE_DEACTIVATED"}
{"ts":1753270615687,"action":"IDE_ACTIVATED"}
{"ts":1753270615984,"action":"IDE_DEACTIVATED"}
{"ts":1753270618090,"action":"IDE_ACTIVATED"}
{"ts":1753270618978,"action":"IDE_DEACTIVATED"}
{"ts":1753270620825,"action":"IDE_ACTIVATED"}
{"ts":1753270621763,"action":"IDE_DEACTIVATED"}
{"ts":1753270625530,"action":"IDE_ACTIVATED"}
{"ts":1753270639456,"action":"IDE_DEACTIVATED"}
{"ts":1753270653733,"action":"IDE_ACTIVATED"}
{"ts":1753270654376,"action":"IDE_DEACTIVATED"}
{"ts":1753270661132,"action":"IDE_ACTIVATED"}
{"ts":1753270662103,"action":"IDE_DEACTIVATED"}
{"ts":1753270662894,"action":"IDE_ACTIVATED"}
{"ts":1753270665211,"action":"IDE_DEACTIVATED"}
{"ts":1753270666064,"action":"IDE_ACTIVATED"}
{"ts":1753270669224,"action":"IDE_DEACTIVATED"}
{"ts":1753270669958,"action":"IDE_ACTIVATED"}
{"ts":1753270670317,"action":"IDE_DEACTIVATED"}
{"ts":1753270671592,"action":"IDE_ACTIVATED"}
{"ts":1753270673323,"action":"IDE_DEACTIVATED"}
{"ts":1753270673791,"action":"IDE_ACTIVATED"}
{"ts":1753270686339,"action":"IDE_DEACTIVATED"}
{"ts":1753270686847,"action":"IDE_ACTIVATED"}
{"ts":1753270687544,"action":"IDE_DEACTIVATED"}
{"ts":1753270687911,"action":"IDE_ACTIVATED"}
{"ts":1753270688543,"action":"IDE_DEACTIVATED"}
{"ts":1753270700158,"action":"IDE_ACTIVATED"}
{"ts":1753270700559,"action":"IDE_DEACTIVATED"}
{"ts":1753270700857,"action":"IDE_ACTIVATED"}
{"ts":1753270701928,"action":"IDE_DEACTIVATED"}
{"ts":1753270702922,"action":"IDE_ACTIVATED"}
{"ts":1753270703833,"action":"IDE_DEACTIVATED"}
{"ts":1753270704227,"action":"IDE_ACTIVATED"}
{"ts":1753270705167,"action":"IDE_DEACTIVATED"}
{"ts":1753270706468,"action":"IDE_ACTIVATED"}
{"ts":1753270709711,"action":"IDE_DEACTIVATED"}
{"ts":1753270710846,"action":"IDE_ACTIVATED"}
{"ts":1753270714410,"action":"IDE_DEACTIVATED"}
{"ts":1753270715015,"action":"IDE_ACTIVATED"}
{"ts":1753270717329,"action":"IDE_DEACTIVATED"}
{"ts":1753270810400,"action":"IDE_ACTIVATED"}
{"ts":1753270811903,"action":"IDE_DEACTIVATED"}
{"ts":1753270813753,"action":"IDE_ACTIVATED"}
{"ts":1753270814329,"action":"IDE_DEACTIVATED"}
{"ts":1753270815376,"action":"IDE_ACTIVATED"}
{"ts":1753270818477,"action":"IDE_DEACTIVATED"}
{"ts":1753270819331,"action":"IDE_ACTIVATED"}
{"ts":1753270822636,"action":"IDE_DEACTIVATED"}
{"ts":1753270823875,"action":"IDE_ACTIVATED"}
{"ts":1753270824711,"action":"IDE_DEACTIVATED"}
{"ts":1753270825249,"action":"IDE_ACTIVATED"}
{"ts":1753270828127,"action":"IDE_DEACTIVATED"}
{"ts":1753270828879,"action":"IDE_ACTIVATED"}
{"ts":1753270837537,"action":"IDE_DEACTIVATED"}
{"ts":1753270882574,"action":"IDE_ACTIVATED"}
{"ts":1753270884060,"action":"IDE_DEACTIVATED"}
{"ts":1753270917154,"action":"IDE_ACTIVATED"}
{"ts":1753270918072,"action":"IDE_DEACTIVATED"}
{"ts":1753270918863,"action":"IDE_ACTIVATED"}
{"ts":1753270920000,"action":"IDE_DEACTIVATED"}
{"ts":1753270920663,"action":"IDE_ACTIVATED"}
{"ts":1753270920885,"action":"IDE_DEACTIVATED"}
{"ts":1753270925363,"action":"IDE_ACTIVATED"}
{"ts":1753270926124,"action":"IDE_DEACTIVATED"}
{"ts":1753270928247,"action":"IDE_ACTIVATED"}
{"ts":1753270928604,"action":"IDE_DEACTIVATED"}
{"ts":1753270934840,"action":"IDE_ACTIVATED"}
{"ts":1753270936414,"action":"IDE_DEACTIVATED"}
{"ts":1753271018297,"action":"IDE_ACTIVATED"}
{"ts":1753271018602,"action":"IDE_DEACTIVATED"}
{"ts":1753271024868,"action":"IDE_ACTIVATED"}
{"ts":1753271024903,"action":"IDE_DEACTIVATED"}
{"ts":1753271024954,"action":"IDE_ACTIVATED"}
{"ts":1753271025285,"action":"IDE_DEACTIVATED"}
{"ts":1753271026204,"action":"IDE_ACTIVATED"}
{"ts":1753271027454,"action":"IDE_DEACTIVATED"}
{"ts":1753271028145,"action":"IDE_ACTIVATED"}
{"ts":1753271028895,"action":"IDE_DEACTIVATED"}
{"ts":1753271029586,"action":"IDE_ACTIVATED"}
{"ts":1753271071042,"action":"IDE_DEACTIVATED"}
{"ts":1753271071470,"action":"IDE_ACTIVATED"}
{"ts":1753271072071,"action":"IDE_DEACTIVATED"}
{"ts":1753271084234,"action":"IDE_ACTIVATED"}
{"ts":1753271086078,"action":"IDE_DEACTIVATED"}
{"ts":1753271088336,"action":"IDE_ACTIVATED"}
{"ts":1753271088424,"action":"IDE_DEACTIVATED"}
{"ts":1753271222155,"action":"IDE_ACTIVATED"}
{"ts":1753271272649,"action":"IDE_DEACTIVATED"}
{"ts":1753271334863,"action":"IDE_ACTIVATED"}
{"ts":1753271344171,"action":"IDE_DEACTIVATED"}
{"ts":1753271344376,"action":"IDE_ACTIVATED"}
{"ts":1753271345374,"action":"IDE_DEACTIVATED"}
{"ts":1753271346004,"action":"IDE_ACTIVATED"}
{"ts":1753271357296,"action":"IDE_DEACTIVATED"}
{"ts":1753271364752,"action":"IDE_ACTIVATED"}
{"ts":1753271372353,"action":"IDE_DEACTIVATED"}
{"ts":1753271375445,"action":"IDE_ACTIVATED"}
{"ts":1753271379888,"action":"IDE_DEACTIVATED"}
{"ts":1753271382223,"action":"IDE_ACTIVATED"}
{"ts":1753271384824,"action":"IDE_DEACTIVATED"}
{"ts":1753271387129,"action":"IDE_ACTIVATED"}
{"ts":1753271404882,"action":"IDE_DEACTIVATED"}
{"ts":1753271406136,"action":"IDE_ACTIVATED"}
{"ts":1753271407060,"action":"IDE_DEACTIVATED"}
{"ts":1753271442630,"action":"IDE_ACTIVATED"}
{"ts":1753271444733,"action":"IDE_DEACTIVATED"}
{"ts":1753271447246,"action":"IDE_ACTIVATED"}
{"ts":1753271447993,"action":"IDE_DEACTIVATED"}
{"ts":1753271449266,"action":"IDE_ACTIVATED"}
{"ts":1753271449295,"action":"IDE_DEACTIVATED"}
{"ts":1753271612363,"action":"IDE_ACTIVATED"}
{"ts":1753271617754,"action":"IDE_DEACTIVATED"}
{"ts":1753271618845,"action":"IDE_ACTIVATED"}
{"ts":1753271620225,"action":"IDE_DEACTIVATED"}
{"ts":1753271620907,"action":"IDE_ACTIVATED"}
{"ts":1753271622647,"action":"IDE_DEACTIVATED"}
{"ts":1753271623587,"action":"IDE_ACTIVATED"}
{"ts":1753271624898,"action":"IDE_DEACTIVATED"}
{"ts":1753271625629,"action":"IDE_ACTIVATED"}
{"ts":1753271625847,"action":"IDE_DEACTIVATED"}
{"ts":1753271821489,"action":"IDE_ACTIVATED"}
{"ts":1753271823275,"action":"IDE_DEACTIVATED"}
{"ts":1753271824148,"action":"IDE_ACTIVATED"}
{"ts":1753271824967,"action":"IDE_DEACTIVATED"}
{"ts":1753271859896,"action":"IDE_ACTIVATED"}
{"ts":1753271862171,"action":"IDE_DEACTIVATED"}
{"ts":1753272153202,"action":"IDE_ACTIVATED"}
{"ts":1753272156186,"action":"IDE_DEACTIVATED"}
{"ts":1753272156673,"action":"IDE_ACTIVATED"}
{"ts":1753272160566,"action":"IDE_DEACTIVATED"}
{"ts":1753272272346,"action":"IDE_ACTIVATED"}
{"ts":1753272280875,"action":"IDE_DEACTIVATED"}
{"ts":1753272281495,"action":"IDE_ACTIVATED"}
{"ts":1753272281823,"action":"IDE_DEACTIVATED"}
{"ts":1753272282739,"action":"IDE_ACTIVATED"}
{"ts":1753272283663,"action":"IDE_DEACTIVATED"}
{"ts":1753272284502,"action":"IDE_ACTIVATED"}
{"ts":1753272285193,"action":"IDE_DEACTIVATED"}
{"ts":1753272285549,"action":"IDE_ACTIVATED"}
{"ts":1753272285967,"action":"IDE_DEACTIVATED"}
{"ts":1753272288855,"action":"IDE_ACTIVATED"}
{"ts":1753272290104,"action":"IDE_DEACTIVATED"}
{"ts":1753272334050,"action":"IDE_ACTIVATED"}
{"ts":1753272352833,"action":"IDE_DEACTIVATED"}
{"ts":1753272396122,"action":"IDE_ACTIVATED"}
{"ts":1753272396630,"action":"IDE_DEACTIVATED"}
{"ts":1753272396971,"action":"IDE_ACTIVATED"}
{"ts":1753272397307,"action":"IDE_DEACTIVATED"}
{"ts":1753272924256,"action":"IDE_ACTIVATED"}
{"ts":1753272944643,"action":"IDE_DEACTIVATED"}
{"ts":1753272946301,"action":"IDE_ACTIVATED"}
{"ts":1753272947894,"action":"IDE_DEACTIVATED"}
{"ts":1753272966352,"action":"IDE_ACTIVATED"}
{"ts":1753272967890,"action":"IDE_DEACTIVATED"}
{"ts":1753272970308,"action":"IDE_ACTIVATED"}
{"ts":1753272970888,"action":"IDE_DEACTIVATED"}
{"ts":1753272977477,"action":"IDE_ACTIVATED"}
{"ts":1753272978064,"action":"IDE_DEACTIVATED"}
{"ts":1753273555957,"action":"IDE_ACTIVATED"}
{"ts":1753273558568,"action":"IDE_DEACTIVATED"}
{"ts":1753273569217,"action":"IDE_ACTIVATED"}
{"ts":1753273570505,"action":"IDE_DEACTIVATED"}
{"ts":1753273575645,"action":"IDE_ACTIVATED"}
{"ts":1753273576097,"action":"IDE_DEACTIVATED"}
{"ts":1753273576818,"action":"IDE_ACTIVATED"}
{"ts":1753273579504,"action":"IDE_DEACTIVATED"}
{"ts":1753273584475,"action":"IDE_ACTIVATED"}
{"ts":1753273584905,"action":"IDE_DEACTIVATED"}
{"ts":1753273585362,"action":"IDE_ACTIVATED"}
{"ts":1753273591522,"action":"IDE_DEACTIVATED"}
{"ts":1753273714398,"action":"IDE_ACTIVATED"}
{"ts":1753273721735,"action":"IDE_DEACTIVATED"}
{"ts":1753275079082,"action":"IDE_ACTIVATED"}
{"ts":1753275079624,"action":"IDE_DEACTIVATED"}
{"ts":1753275531294,"action":"IDE_ACTIVATED"}
{"ts":1753275531928,"action":"IDE_DEACTIVATED"}
{"ts":1753276237137,"action":"IDE_ACTIVATED"}
{"ts":1753276287744,"action":"IDE_DEACTIVATED"}
{"ts":1753276300424,"action":"IDE_ACTIVATED"}
{"ts":1753276300785,"action":"IDE_DEACTIVATED"}
{"ts":1753276302805,"action":"IDE_ACTIVATED"}
{"ts":1753276310072,"action":"IDE_DEACTIVATED"}
{"ts":1753276310928,"action":"IDE_ACTIVATED"}
{"ts":1753276311331,"action":"IDE_DEACTIVATED"}
{"ts":1753276317867,"action":"IDE_ACTIVATED"}
{"ts":1753276318310,"action":"IDE_DEACTIVATED"}
{"ts":1753276318590,"action":"IDE_ACTIVATED"}
{"ts":1753276318903,"action":"IDE_DEACTIVATED"}
{"ts":1753276319217,"action":"IDE_ACTIVATED"}
{"ts":1753276320742,"action":"IDE_DEACTIVATED"}
{"ts":1753276321940,"action":"IDE_ACTIVATED"}
{"ts":1753276322344,"action":"IDE_DEACTIVATED"}
{"ts":1753276325167,"action":"IDE_ACTIVATED"}
{"ts":1753276326583,"action":"IDE_DEACTIVATED"}
{"ts":1753276326971,"action":"IDE_ACTIVATED"}
{"ts":1753276327250,"action":"IDE_DEACTIVATED"}
{"ts":1753276338781,"action":"IDE_ACTIVATED"}
{"ts":1753276343093,"action":"IDE_DEACTIVATED"}
{"ts":1753276345100,"action":"IDE_ACTIVATED"}
{"ts":1753276345112,"action":"IDE_DEACTIVATED"}
{"ts":1753278525509,"action":"IDE_ACTIVATED"}
{"ts":1753278582282,"action":"IDE_DEACTIVATED"}
{"ts":1753278595960,"action":"IDE_ACTIVATED"}
{"ts":1753278596241,"action":"IDE_DEACTIVATED"}
{"ts":1753278597142,"action":"IDE_ACTIVATED"}
{"ts":1753278597419,"action":"IDE_DEACTIVATED"}
{"ts":1753278597685,"action":"IDE_ACTIVATED"}
{"ts":1753278598773,"action":"IDE_DEACTIVATED"}
{"ts":1753278604283,"action":"IDE_ACTIVATED"}
{"ts":1753278856213,"action":"IDE_DEACTIVATED"}
{"ts":1753278923824,"action":"IDE_ACTIVATED"}
{"ts":1753279053474,"action":"IDE_DEACTIVATED"}
{"ts":1753279091894,"action":"IDE_ACTIVATED"}
{"ts":1753279286568,"action":"IDE_DEACTIVATED"}
{"ts":1753279379745,"action":"IDE_ACTIVATED"}
{"ts":1753279381972,"action":"IDE_DEACTIVATED"}
{"ts":1753279389653,"action":"IDE_ACTIVATED"}
{"ts":1753279397472,"action":"IDE_DEACTIVATED"}
{"ts":1753279411431,"action":"IDE_ACTIVATED"}
{"ts":1753279412114,"action":"IDE_DEACTIVATED"}
{"ts":1753279413085,"action":"IDE_ACTIVATED"}
{"ts":1753279413391,"action":"IDE_DEACTIVATED"}
{"ts":1753283581085,"action":"IDE_ACTIVATED"}
{"ts":1753283582495,"action":"IDE_DEACTIVATED"}
{"ts":1753283582827,"action":"IDE_ACTIVATED"}
{"ts":1753283584322,"action":"IDE_DEACTIVATED"}
{"ts":1753283626597,"action":"IDE_ACTIVATED"}
{"ts":1753283629680,"action":"IDE_DEACTIVATED"}
{"ts":1753284679623,"action":"IDE_ACTIVATED"}
{"ts":1753284681160,"action":"IDE_DEACTIVATED"}
{"ts":1753284681719,"action":"IDE_ACTIVATED"}
{"ts":1753284742775,"action":"IDE_DEACTIVATED"}
{"ts":1753284743436,"action":"IDE_ACTIVATED"}
{"ts":1753284891080,"action":"IDE_DEACTIVATED"}
{"ts":1753284891592,"action":"IDE_ACTIVATED"}
{"ts":1753284944718,"action":"IDE_DEACTIVATED"}
{"ts":1753285336502,"action":"IDE_ACTIVATED"}
{"ts":1753285338767,"action":"IDE_DEACTIVATED"}
{"ts":1753285342575,"action":"IDE_ACTIVATED"}
{"ts":1753285343405,"action":"IDE_DEACTIVATED"}
{"ts":1753285345764,"action":"IDE_ACTIVATED"}
{"ts":1753285350052,"action":"IDE_DEACTIVATED"}
{"ts":1753285541997,"action":"IDE_ACTIVATED"}
{"ts":1753285564191,"action":"IDE_DEACTIVATED"}
{"ts":1753285565135,"action":"IDE_ACTIVATED"}
{"ts":1753285565676,"action":"IDE_DEACTIVATED"}
{"ts":1753285566323,"action":"IDE_ACTIVATED"}
{"ts":1753285610261,"action":"IDE_DEACTIVATED"}
{"ts":1753285613876,"action":"IDE_ACTIVATED"}
{"ts":1753285614210,"action":"IDE_DEACTIVATED"}
{"ts":1753285626155,"action":"IDE_ACTIVATED"}
{"ts":1753285628257,"action":"IDE_DEACTIVATED"}
{"ts":1753285628315,"action":"IDE_ACTIVATED"}
{"ts":1753285633235,"action":"IDE_DEACTIVATED"}
{"ts":1753285636259,"action":"IDE_ACTIVATED"}
{"ts":1753285645275,"action":"IDE_DEACTIVATED"}
{"ts":1753285689644,"action":"IDE_ACTIVATED"}
{"ts":1753285722258,"action":"IDE_DEACTIVATED"}
{"ts":1753285723178,"action":"IDE_ACTIVATED"}
{"ts":1753285723888,"action":"IDE_DEACTIVATED"}
{"ts":1753285724517,"action":"IDE_ACTIVATED"}
{"ts":1753285739190,"action":"IDE_DEACTIVATED"}
{"ts":1753285739749,"action":"IDE_ACTIVATED"}
{"ts":1753285740076,"action":"IDE_DEACTIVATED"}
{"ts":1753285740698,"action":"IDE_ACTIVATED"}
{"ts":1753285743194,"action":"IDE_DEACTIVATED"}
{"ts":1753285762254,"action":"IDE_ACTIVATED"}
{"ts":1753285765213,"action":"IDE_DEACTIVATED"}
{"ts":1753285767489,"action":"IDE_ACTIVATED"}
{"ts":1753285797322,"action":"IDE_DEACTIVATED"}
{"ts":1753285799392,"action":"IDE_ACTIVATED"}
{"ts":1753285799706,"action":"IDE_DEACTIVATED"}
{"ts":1753285801385,"action":"IDE_ACTIVATED"}
{"ts":1753285814411,"action":"IDE_DEACTIVATED"}
{"ts":1753285838012,"action":"IDE_ACTIVATED"}
{"ts":1753285851823,"action":"IDE_DEACTIVATED"}
{"ts":1753285855799,"action":"IDE_ACTIVATED"}
{"ts":1753285895589,"action":"IDE_DEACTIVATED"}
{"ts":1753285896153,"action":"IDE_ACTIVATED"}
{"ts":1753285897456,"action":"IDE_DEACTIVATED"}
{"ts":1753285903277,"action":"IDE_ACTIVATED"}
{"ts":1753285903528,"action":"IDE_DEACTIVATED"}
{"ts":1753285904132,"action":"IDE_ACTIVATED"}
{"ts":1753285919894,"action":"IDE_DEACTIVATED"}
{"ts":1753285920196,"action":"IDE_ACTIVATED"}
{"ts":1753285920847,"action":"IDE_DEACTIVATED"}
{"ts":1753285934289,"action":"IDE_ACTIVATED"}
{"ts":1753285937069,"action":"IDE_DEACTIVATED"}
{"ts":1753285942819,"action":"IDE_ACTIVATED"}
{"ts":1753285943218,"action":"IDE_DEACTIVATED"}
{"ts":1753285944314,"action":"IDE_ACTIVATED"}
{"ts":1753285946879,"action":"IDE_DEACTIVATED"}
{"ts":1753285947187,"action":"IDE_ACTIVATED"}
{"ts":1753286048838,"action":"IDE_DEACTIVATED"}
{"ts":1753286049696,"action":"IDE_ACTIVATED"}
{"ts":1753286050346,"action":"IDE_DEACTIVATED"}
{"ts":1753286090359,"action":"IDE_ACTIVATED"}
{"ts":1753286096960,"action":"IDE_DEACTIVATED"}
{"ts":1753286098471,"action":"IDE_ACTIVATED"}
{"ts":1753286189212,"action":"IDE_DEACTIVATED"}
{"ts":1753286204763,"action":"IDE_ACTIVATED"}
{"ts":1753286250986,"action":"IDE_DEACTIVATED"}
{"ts":1753286252810,"action":"IDE_ACTIVATED"}
{"ts":1753286253074,"action":"IDE_DEACTIVATED"}
{"ts":1753286253887,"action":"IDE_ACTIVATED"}
{"ts":1753286254691,"action":"IDE_DEACTIVATED"}
{"ts":1753286306905,"action":"IDE_ACTIVATED"}
{"ts":1753286307620,"action":"IDE_DEACTIVATED"}
{"ts":1753286308901,"action":"IDE_ACTIVATED"}
{"ts":1753286309248,"action":"IDE_DEACTIVATED"}
{"ts":1753286309664,"action":"IDE_ACTIVATED"}
{"ts":1753286310417,"action":"IDE_DEACTIVATED"}
{"ts":1753286385929,"action":"IDE_ACTIVATED"}
{"ts":1753286386274,"action":"IDE_DEACTIVATED"}
{"ts":1753286389274,"action":"IDE_ACTIVATED"}
{"ts":1753286389861,"action":"IDE_DEACTIVATED"}
{"ts":1753286392289,"action":"IDE_ACTIVATED"}
{"ts":1753286404999,"action":"IDE_DEACTIVATED"}
{"ts":1753286405550,"action":"IDE_ACTIVATED"}
{"ts":1753286406097,"action":"IDE_DEACTIVATED"}
{"ts":1753286407802,"action":"IDE_ACTIVATED"}
{"ts":1753286411247,"action":"IDE_DEACTIVATED"}
{"ts":1753286411655,"action":"IDE_ACTIVATED"}
{"ts":1753286428931,"action":"IDE_DEACTIVATED"}
{"ts":1753286451712,"action":"IDE_ACTIVATED"}
{"ts":1753286475399,"action":"IDE_DEACTIVATED"}
{"ts":1753286478230,"action":"IDE_ACTIVATED"}
{"ts":1753286568659,"action":"IDE_DEACTIVATED"}
{"ts":1753286569339,"action":"IDE_ACTIVATED"}
{"ts":1753286569778,"action":"IDE_DEACTIVATED"}
{"ts":1753286570603,"action":"IDE_ACTIVATED"}
{"ts":1753286574136,"action":"IDE_DEACTIVATED"}
{"ts":1753286968327,"action":"IDE_ACTIVATED"}
{"ts":1753286989198,"action":"IDE_DEACTIVATED"}
{"ts":1753286991434,"action":"IDE_ACTIVATED"}
{"ts":1753287002287,"action":"IDE_DEACTIVATED"}
{"ts":1753287002980,"action":"IDE_ACTIVATED"}
{"ts":1753287006870,"action":"IDE_DEACTIVATED"}
{"ts":1753287051115,"action":"IDE_ACTIVATED"}
{"ts":1753287052658,"action":"IDE_DEACTIVATED"}
{"ts":1753287056565,"action":"IDE_ACTIVATED"}
{"ts":1753287057681,"action":"IDE_DEACTIVATED"}
{"ts":1753287059164,"action":"IDE_ACTIVATED"}
{"ts":1753287060203,"action":"IDE_DEACTIVATED"}
{"ts":1753287060878,"action":"IDE_ACTIVATED"}
{"ts":1753287068325,"action":"IDE_DEACTIVATED"}
{"ts":1753287072756,"action":"IDE_ACTIVATED"}
{"ts":1753287102542,"action":"IDE_DEACTIVATED"}
{"ts":1753287104774,"action":"IDE_ACTIVATED"}
{"ts":1753287270159,"action":"IDE_DEACTIVATED"}
{"ts":1753287307769,"action":"IDE_ACTIVATED"}
{"ts":1753287314432,"action":"IDE_DEACTIVATED"}
{"ts":1753287315307,"action":"IDE_ACTIVATED"}
{"ts":1753287427540,"action":"IDE_DEACTIVATED"}
{"ts":1753287519322,"action":"IDE_ACTIVATED"}
{"ts":1753287523055,"action":"IDE_DEACTIVATED"}
{"ts":1753287523578,"action":"IDE_ACTIVATED"}
{"ts":1753287524469,"action":"IDE_DEACTIVATED"}
{"ts":1753287525472,"action":"IDE_ACTIVATED"}
{"ts":1753287526865,"action":"IDE_DEACTIVATED"}
{"ts":1753287527704,"action":"IDE_ACTIVATED"}
{"ts":1753287528422,"action":"IDE_DEACTIVATED"}
{"ts":1753287545291,"action":"IDE_ACTIVATED"}
{"ts":1753287546275,"action":"IDE_DEACTIVATED"}
{"ts":1753287572315,"action":"IDE_ACTIVATED"}
{"ts":1753287574428,"action":"IDE_DEACTIVATED"}
{"ts":1753287634565,"action":"IDE_ACTIVATED"}
{"ts":1753287635425,"action":"IDE_DEACTIVATED"}
{"ts":1753287637749,"action":"IDE_ACTIVATED"}
{"ts":1753287638164,"action":"IDE_DEACTIVATED"}
{"ts":1753287638507,"action":"IDE_ACTIVATED"}
{"ts":1753287638829,"action":"IDE_DEACTIVATED"}
{"ts":1753287675802,"action":"IDE_ACTIVATED"}
{"ts":1753287769801,"action":"IDE_DEACTIVATED"}
{"ts":1753287797271,"action":"IDE_ACTIVATED"}
{"ts":1753287799457,"action":"IDE_DEACTIVATED"}
{"ts":1753287825903,"action":"IDE_ACTIVATED"}
{"ts":1753287851673,"action":"IDE_DEACTIVATED"}
{"ts":1753287854745,"action":"IDE_ACTIVATED"}
{"ts":1753287903072,"action":"IDE_DEACTIVATED"}
{"ts":1753287916171,"action":"IDE_ACTIVATED"}
{"ts":1753287916568,"action":"IDE_DEACTIVATED"}
{"ts":1753287918240,"action":"IDE_ACTIVATED"}
{"ts":1753287919396,"action":"IDE_DEACTIVATED"}
{"ts":1753287920740,"action":"IDE_ACTIVATED"}
{"ts":1753287921661,"action":"IDE_DEACTIVATED"}
{"ts":1753287922495,"action":"IDE_ACTIVATED"}
{"ts":1753287923113,"action":"IDE_DEACTIVATED"}
{"ts":1753287923506,"action":"IDE_ACTIVATED"}
{"ts":1753287924281,"action":"IDE_DEACTIVATED"}
{"ts":1753287924900,"action":"IDE_ACTIVATED"}
{"ts":1753287968363,"action":"IDE_DEACTIVATED"}
{"ts":1753287970345,"action":"IDE_ACTIVATED"}
{"ts":1753288025092,"action":"IDE_DEACTIVATED"}
{"ts":1753288026424,"action":"IDE_ACTIVATED"}
{"ts":1753288027296,"action":"IDE_DEACTIVATED"}
{"ts":1753288068591,"action":"IDE_ACTIVATED"}
{"ts":1753288070702,"action":"IDE_DEACTIVATED"}
{"ts":1753288071192,"action":"IDE_ACTIVATED"}
{"ts":1753288089683,"action":"IDE_DEACTIVATED"}
{"ts":1753288090511,"action":"IDE_ACTIVATED"}
{"ts":1753288091526,"action":"IDE_DEACTIVATED"}
{"ts":1753288091776,"action":"IDE_ACTIVATED"}
{"ts":1753288116165,"action":"IDE_DEACTIVATED"}
{"ts":1753288117029,"action":"IDE_ACTIVATED"}
{"ts":1753288121512,"action":"IDE_DEACTIVATED"}
{"ts":1753288147871,"action":"IDE_ACTIVATED"}
{"ts":1753288206310,"action":"IDE_DEACTIVATED"}
{"ts":1753288208169,"action":"IDE_ACTIVATED"}
{"ts":1753288208807,"action":"IDE_DEACTIVATED"}
{"ts":1753288231392,"action":"IDE_ACTIVATED"}
{"ts":1753288292292,"action":"IDE_DEACTIVATED"}
{"ts":1753288293054,"action":"IDE_ACTIVATED"}
{"ts":1753288293885,"action":"IDE_DEACTIVATED"}
{"ts":1753288301332,"action":"IDE_ACTIVATED"}
{"ts":1753288302354,"action":"IDE_DEACTIVATED"}
{"ts":1753288306270,"action":"IDE_ACTIVATED"}
{"ts":1753288307904,"action":"IDE_DEACTIVATED"}
{"ts":1753288309088,"action":"IDE_ACTIVATED"}
{"ts":1753288310204,"action":"IDE_DEACTIVATED"}
{"ts":1753288317854,"action":"IDE_ACTIVATED"}
{"ts":1753288318752,"action":"IDE_DEACTIVATED"}
{"ts":1753288319456,"action":"IDE_ACTIVATED"}
{"ts":1753288354821,"action":"IDE_DEACTIVATED"}
{"ts":1753288355424,"action":"IDE_ACTIVATED"}
{"ts":1753288356118,"action":"IDE_DEACTIVATED"}
{"ts":1753288371048,"action":"IDE_ACTIVATED"}
{"ts":1753288371485,"action":"IDE_DEACTIVATED"}
{"ts":1753288372060,"action":"IDE_ACTIVATED"}
{"ts":1753288372856,"action":"IDE_DEACTIVATED"}
{"ts":1753288419704,"action":"IDE_ACTIVATED"}
{"ts":1753288420235,"action":"IDE_DEACTIVATED"}
{"ts":1753288421306,"action":"IDE_ACTIVATED"}
{"ts":1753288421916,"action":"IDE_DEACTIVATED"}
{"ts":1753288442210,"action":"IDE_ACTIVATED"}
{"ts":1753288447231,"action":"IDE_DEACTIVATED"}
{"ts":1753288534918,"action":"IDE_ACTIVATED"}
{"ts":1753288536658,"action":"IDE_DEACTIVATED"}
{"ts":1753288576661,"action":"IDE_ACTIVATED"}
{"ts":1753288586148,"action":"IDE_DEACTIVATED"}
{"ts":1753288586865,"action":"IDE_ACTIVATED"}
{"ts":1753288587243,"action":"IDE_DEACTIVATED"}
{"ts":1753288593229,"action":"IDE_ACTIVATED"}
{"ts":1753288594111,"action":"IDE_DEACTIVATED"}
{"ts":1753288599447,"action":"IDE_ACTIVATED"}
{"ts":1753288600347,"action":"IDE_DEACTIVATED"}
{"ts":1753288605214,"action":"IDE_ACTIVATED"}
{"ts":1753288606383,"action":"IDE_DEACTIVATED"}
{"ts":1753288607103,"action":"IDE_ACTIVATED"}
{"ts":1753288608418,"action":"IDE_DEACTIVATED"}
{"ts":1753288609247,"action":"IDE_ACTIVATED"}
{"ts":1753288610971,"action":"IDE_DEACTIVATED"}
{"ts":1753288612125,"action":"IDE_ACTIVATED"}
{"ts":1753288612896,"action":"IDE_DEACTIVATED"}
{"ts":1753288614254,"action":"IDE_ACTIVATED"}
{"ts":1753288628034,"action":"IDE_DEACTIVATED"}
{"ts":1753288628460,"action":"IDE_ACTIVATED"}
{"ts":1753288629306,"action":"IDE_DEACTIVATED"}
{"ts":1753288683378,"action":"IDE_ACTIVATED"}
{"ts":1753288686171,"action":"IDE_DEACTIVATED"}
{"ts":1753288702179,"action":"IDE_ACTIVATED"}
{"ts":1753288717367,"action":"IDE_DEACTIVATED"}
{"ts":1753288740595,"action":"IDE_ACTIVATED"}
{"ts":1753288746167,"action":"IDE_DEACTIVATED"}
{"ts":1753288748201,"action":"IDE_ACTIVATED"}
{"ts":1753288750251,"action":"IDE_DEACTIVATED"}
{"ts":1753288772641,"action":"IDE_ACTIVATED"}
{"ts":1753288773544,"action":"IDE_DEACTIVATED"}
{"ts":1753288777298,"action":"IDE_ACTIVATED"}
{"ts":1753288789531,"action":"IDE_DEACTIVATED"}
{"ts":1753288843597,"action":"IDE_ACTIVATED"}
{"ts":1753288854244,"action":"IDE_DEACTIVATED"}
{"ts":1753288854732,"action":"IDE_ACTIVATED"}
{"ts":1753288855425,"action":"IDE_DEACTIVATED"}
{"ts":1753288855846,"action":"IDE_ACTIVATED"}
{"ts":1753288857218,"action":"IDE_DEACTIVATED"}
{"ts":1753288860503,"action":"IDE_ACTIVATED"}
{"ts":1753288865439,"action":"IDE_DEACTIVATED"}
{"ts":1753288869790,"action":"IDE_ACTIVATED"}
{"ts":1753288870641,"action":"IDE_DEACTIVATED"}
{"ts":1753288877170,"action":"IDE_ACTIVATED"}
{"ts":1753288887938,"action":"IDE_DEACTIVATED"}
{"ts":1753288888969,"action":"IDE_ACTIVATED"}
{"ts":1753288916018,"action":"IDE_DEACTIVATED"}
{"ts":1753288987258,"action":"IDE_ACTIVATED"}
{"ts":1753288988133,"action":"IDE_DEACTIVATED"}
{"ts":1753288988533,"action":"IDE_ACTIVATED"}
{"ts":1753288989007,"action":"IDE_DEACTIVATED"}
{"ts":1753289014356,"action":"IDE_ACTIVATED"}
{"ts":1753289015270,"action":"IDE_DEACTIVATED"}
{"ts":1753289377695,"action":"IDE_ACTIVATED"}
{"ts":1753289401999,"action":"IDE_DEACTIVATED"}
{"ts":1753289409140,"action":"IDE_ACTIVATED"}
{"ts":1753289582586,"action":"IDE_DEACTIVATED"}
{"ts":1753290715011,"action":"IDE_ACTIVATED"}
